<?xml version="1.0" encoding="UTF-8"?>
<testsuite name="TestCafeDAO" tests="8" skipped="0" failures="0" errors="0" timestamp="2021-12-02T09:01:31" hostname="A02-CPU-01" time="0.323">
  <properties/>
  <testcase name="La conexiÃ³n no deberÃ­a lanza una excepciÃ³n" classname="TestCafeDAO" time="0.262"/>
  <testcase name="insertar()" classname="TestCafeDAO" time="0.019"/>
  <testcase name="buscar()" classname="TestCafeDAO" time="0.004"/>
  <testcase name="obtener()" classname="TestCafeDAO" time="0.001"/>
  <testcase name="cafesPorProveedor()" classname="TestCafeDAO" time="0.001"/>
  <testcase name="actualizar()" classname="TestCafeDAO" time="0.003"/>
  <testcase name="transferencia()" classname="TestCafeDAO" time="0.023"/>
  <testcase name="borrar()" classname="TestCafeDAO" time="0.002"/>
  <system-out><![CDATA[Connectado a BD
Insercion del cafe: Cafetito realizada con exito
Insercion del cafe: Cafe tacilla realizada con exito
Datos del cafe Cafetito ACTUALIZADOS
cafÃ© Cafetito ha sido borrado.
cafÃ© Cafe tacilla ha sido borrado.
Releasing all open resources ...
]]></system-out>
  <system-err><![CDATA[]]></system-err>
</testsuite>
