<?xml version="1.0" encoding="UTF-8"?>
<testsuite name="TestCafeDAO" tests="5" skipped="0" failures="0" errors="0" timestamp="2021-12-01T11:17:09" hostname="A02-CPU-01" time="0.066">
  <properties/>
  <testcase name="transferencia()" classname="TestCafeDAO" time="0.049"/>
  <testcase name="buscar()" classname="TestCafeDAO" time="0.004"/>
  <testcase name="cafesPorProveedor()" classname="TestCafeDAO" time="0.004"/>
  <testcase name="actualizar()" classname="TestCafeDAO" time="0.004"/>
  <testcase name="insertar()" classname="TestCafeDAO" time="0.003"/>
  <system-out><![CDATA[Connectado a BD
Insercion del cafe: Cafetito realizada con exito
Insercion del cafe: Cafe tacilla realizada con exito
cafÃ© Cafetito ha sido borrado.
cafÃ© Cafe tacilla ha sido borrado.
Insercion del cafe: Cafetito realizada con exito
cafÃ© Cafetito ha sido borrado.
Insercion del cafe: Cafetito realizada con exito
Insercion del cafe: Cafe tacilla realizada con exito
cafÃ© Cafetito ha sido borrado.
cafÃ© Cafe tacilla ha sido borrado.
Insercion del cafe: Cafetito realizada con exito
Datos del cafe Cafetito ACTUALIZADOS
cafÃ© Cafetito ha sido borrado.
Insercion del cafe: Cafetito realizada con exito
]]></system-out>
  <system-err><![CDATA[0
200
]]></system-err>
</testsuite>
