<?xml version="1.0" encoding="UTF-8"?>
<testsuite name="TestProveedorDAO" tests="6" skipped="0" failures="0" errors="0" timestamp="2021-12-01T22:40:52" hostname="DESKTOP-KACIQ7E" time="0.318">
  <properties/>
  <testcase name="conectar()" classname="TestProveedorDAO" time="0.274"/>
  <testcase name="insertar()" classname="TestProveedorDAO" time="0.008"/>
  <testcase name="buscarPorNombre()" classname="TestProveedorDAO" time="0.017"/>
  <testcase name="buscarPorProveedor()" classname="TestProveedorDAO" time="0.002"/>
  <testcase name="actualizar()" classname="TestProveedorDAO" time="0.009"/>
  <testcase name="eliminar()" classname="TestProveedorDAO" time="0.005"/>
  <system-out><![CDATA[Connectado a BD
proveedor: PROVerior Coffee INSERTADO Correctamente
proveedor: Acme, Inc. INSERTADO Correctamente
proveedor: The High Ground INSERTADO Correctamente
proveedor: Acme, Inc. INSERTADO Correctamente
El proveedor: 101 se ACTUALIZO correctamente
El proveedor: 49 se ELIMINO correctamente
El proveedor: 101 se ELIMINO correctamente
El proveedor: 150 se ELIMINO correctamente
El proveedor: 250 se ELIMINO correctamente
Releasing all open resources ...
]]></system-out>
  <system-err><![CDATA[]]></system-err>
</testsuite>
